2025-10-02 23:25:58,510 - TradingBot - INFO - Trading bot logging initialized
2025-10-02 23:25:59,491 - TradingBot - INFO - Successfully connected to Binance Futures Testnet
2025-10-02 23:27:04,309 - TradingBot - INFO - Account information retrieved successfully
2025-10-02 23:27:15,265 - TradingBot - INFO - Account information retrieved successfully
2025-10-02 23:27:16,497 - TradingBot - INFO - Retrieved info for BTCUSDT
2025-10-02 23:27:17,313 - TradingBot - INFO - Account information retrieved successfully
2025-10-02 23:27:18,542 - TradingBot - INFO - Retrieved info for BTCUSDT
2025-10-02 23:27:18,748 - TradingBot - INFO - Retrieved 0 active positions
2025-10-02 23:27:18,951 - TradingBot - INFO - Retrieved 0 open orders
2025-10-02 23:32:53,428 - TradingBot - INFO - Trading bot logging initialized
2025-10-02 23:32:54,917 - TradingBot - INFO - Successfully connected to Binance Futures Testnet
2025-10-02 23:33:03,416 - TradingBot - INFO - Account information retrieved successfully
2025-10-02 23:33:04,338 - TradingBot - INFO - Retrieved info for BTCUSDT
2025-10-02 23:33:05,368 - TradingBot - INFO - Account information retrieved successfully
2025-10-02 23:33:06,283 - TradingBot - INFO - Retrieved info for BTCUSDT
2025-10-02 23:33:06,488 - TradingBot - INFO - Retrieved 0 active positions
2025-10-02 23:33:07,002 - TradingBot - INFO - Retrieved 0 open orders
2025-10-02 23:37:22,712 - TradingBot - INFO - Trading bot logging initialized
2025-10-02 23:41:42,405 - TradingBot - INFO - Trading bot logging initialized
2025-10-02 23:41:43,594 - TradingBot - INFO - Successfully connected to Binance Futures Testnet
2025-10-02 23:41:52,912 - TradingBot - INFO - Account information retrieved successfully
2025-10-02 23:41:53,835 - TradingBot - INFO - Retrieved info for BTCUSDT
